SF:D:\dev\projects\its_workspace\OnixBusinessERP\OnixBusinessErp\Its\Onix\Erp\Utils\BarcodeUtils.cs
FN:7,System.String Its.Onix.Erp.Utils.BarcodeUtils::BuildBarcodePath(System.String,System.String,System.String)
FNDA:11,System.String Its.Onix.Erp.Utils.BarcodeUtils::BuildBarcodePath(System.String,System.String,System.String)
DA:8,11
DA:9,11
DA:10,11
DA:11,11
DA:12,11
DA:13,11
DA:14,11
LF:7
LH:7
BRF:0
BRH:0
FNF:1
FNH:1
end_of_record
SF:D:\dev\projects\its_workspace\OnixBusinessERP\OnixBusinessErp\Its\Onix\Erp\Utils\RandomUtils.cs
FN:8,System.String Its.Onix.Erp.Utils.RandomUtils::RandomStringNum(System.Int32)
FNDA:148,System.String Its.Onix.Erp.Utils.RandomUtils::RandomStringNum(System.Int32)
DA:9,148
DA:10,148
DA:11,148
DA:13,6136
DA:14,2920
DA:15,2920
DA:16,2920
DA:17,2920
DA:18,2920
DA:20,148
DA:21,148
BRDA:13,85,1,2920
BRDA:13,85,0,148
LF:11
LH:11
BRF:2
BRH:2
FNF:1
FNH:1
end_of_record
SF:D:\dev\projects\its_workspace\OnixBusinessERP\OnixBusinessErp\Its\Onix\Erp\Services\BusinessErpBase.cs
FN:13,System.Void Its.Onix.Erp.Services.BusinessErpBase::AddClassConfig(System.Reflection.Assembly,System.String,System.String)
FNDA:22,System.Void Its.Onix.Erp.Services.BusinessErpBase::AddClassConfig(System.Reflection.Assembly,System.String,System.String)
DA:14,22
DA:15,22
DA:16,22
DA:17,22
FN:19,System.Collections.Generic.Dictionary`2<System.String,Its.Onix.Core.Commons.Plugin.PluginEntry> Its.Onix.Erp.Services.BusinessErpBase::GetClassMaps()
FNDA:63,System.Collections.Generic.Dictionary`2<System.String,Its.Onix.Core.Commons.Plugin.PluginEntry> Its.Onix.Erp.Services.BusinessErpBase::GetClassMaps()
DA:20,63
DA:21,63
DA:22,63
FN:24,System.Collections.Generic.Dictionary`2<System.String,Its.Onix.Core.Commons.Plugin.PluginEntry> Its.Onix.Erp.Services.BusinessErpBase::ExportedServicesList()
FNDA:63,System.Collections.Generic.Dictionary`2<System.String,Its.Onix.Core.Commons.Plugin.PluginEntry> Its.Onix.Erp.Services.BusinessErpBase::ExportedServicesList()
DA:25,63
DA:26,63
DA:27,63
FN:10,System.Void Its.Onix.Erp.Services.BusinessErpBase::.ctor()
FNDA:2,System.Void Its.Onix.Erp.Services.BusinessErpBase::.ctor()
DA:11,2
LF:11
LH:11
BRF:0
BRH:0
FNF:4
FNH:4
end_of_record
SF:D:\dev\projects\its_workspace\OnixBusinessERP\OnixBusinessErp\Its\Onix\Erp\Services\BusinessErpCaches.cs
FN:15,Its.Onix.Erp.Services.BusinessErpCaches Its.Onix.Erp.Services.BusinessErpCaches::GetInstance()
FNDA:3,Its.Onix.Erp.Services.BusinessErpCaches Its.Onix.Erp.Services.BusinessErpCaches::GetInstance()
DA:16,3
DA:17,3
DA:18,3
FN:20,System.Void Its.Onix.Erp.Services.BusinessErpCaches::InitClassMap()
FNDA:1,System.Void Its.Onix.Erp.Services.BusinessErpCaches::InitClassMap()
DA:21,1
DA:22,1
DA:24,1
DA:25,1
DA:26,1
DA:27,1
DA:28,1
FN:9,System.Void Its.Onix.Erp.Services.BusinessErpCaches::.ctor()
FNDA:1,System.Void Its.Onix.Erp.Services.BusinessErpCaches::.ctor()
DA:10,1
DA:11,1
DA:12,1
DA:13,1
FN:7,System.Void Its.Onix.Erp.Services.BusinessErpCaches::.cctor()
FNDA:1,System.Void Its.Onix.Erp.Services.BusinessErpCaches::.cctor()
DA:8,1
LF:15
LH:15
BRF:0
BRH:0
FNF:4
FNH:4
end_of_record
SF:D:\dev\projects\its_workspace\OnixBusinessERP\OnixBusinessErp\Its\Onix\Erp\Services\BusinessErpOperations.cs
FN:9,Its.Onix.Erp.Services.BusinessErpOperations Its.Onix.Erp.Services.BusinessErpOperations::GetInstance()
FNDA:60,Its.Onix.Erp.Services.BusinessErpOperations Its.Onix.Erp.Services.BusinessErpOperations::GetInstance()
DA:10,60
DA:11,60
DA:12,60
FN:19,System.Void Its.Onix.Erp.Services.BusinessErpOperations::InitClassMap()
FNDA:1,System.Void Its.Onix.Erp.Services.BusinessErpOperations::InitClassMap()
DA:20,1
DA:21,1
DA:23,1
DA:24,1
DA:25,1
DA:26,1
DA:27,1
DA:28,1
DA:29,1
DA:30,1
DA:31,1
DA:32,1
DA:33,1
DA:34,1
DA:35,1
DA:36,1
DA:37,1
DA:40,1
DA:41,1
DA:42,1
DA:44,1
FN:13,System.Void Its.Onix.Erp.Services.BusinessErpOperations::.ctor()
FNDA:1,System.Void Its.Onix.Erp.Services.BusinessErpOperations::.ctor()
DA:14,1
DA:15,1
DA:16,1
DA:17,1
FN:6,System.Void Its.Onix.Erp.Services.BusinessErpOperations::.cctor()
FNDA:1,System.Void Its.Onix.Erp.Services.BusinessErpOperations::.cctor()
DA:7,1
LF:29
LH:29
BRF:0
BRH:0
FNF:4
FNH:4
end_of_record
SF:D:\dev\projects\its_workspace\OnixBusinessERP\OnixBusinessErp\Its\Onix\Erp\Models\Generals\Address.cs
FN:8,System.Int32 Its.Onix.Erp.Models.Address::get_AddressId()
FNDA:2,System.Int32 Its.Onix.Erp.Models.Address::get_AddressId()
DA:9,2
FN:11,System.String Its.Onix.Erp.Models.Address::get_AddressNo()
FNDA:2,System.String Its.Onix.Erp.Models.Address::get_AddressNo()
DA:12,2
FN:13,System.String Its.Onix.Erp.Models.Address::get_Road()
FNDA:2,System.String Its.Onix.Erp.Models.Address::get_Road()
DA:14,2
FN:14,System.String Its.Onix.Erp.Models.Address::get_District()
FNDA:2,System.String Its.Onix.Erp.Models.Address::get_District()
DA:15,2
FN:15,System.String Its.Onix.Erp.Models.Address::get_Zip()
FNDA:2,System.String Its.Onix.Erp.Models.Address::get_Zip()
DA:16,2
FN:17,Its.Onix.Erp.Models.Master Its.Onix.Erp.Models.Address::get_Province()
FNDA:2,Its.Onix.Erp.Models.Master Its.Onix.Erp.Models.Address::get_Province()
DA:18,2
LF:6
LH:6
BRF:0
BRH:0
FNF:6
FNH:6
end_of_record
SF:D:\dev\projects\its_workspace\OnixBusinessERP\OnixBusinessErp\Its\Onix\Erp\Models\Generals\BankAccount.cs
FN:9,System.Int32 Its.Onix.Erp.Models.BankAccount::get_BankAccountId()
FNDA:2,System.Int32 Its.Onix.Erp.Models.BankAccount::get_BankAccountId()
DA:10,2
FN:12,System.String Its.Onix.Erp.Models.BankAccount::get_AcctNo()
FNDA:2,System.String Its.Onix.Erp.Models.BankAccount::get_AcctNo()
DA:13,2
FN:15,System.String Its.Onix.Erp.Models.BankAccount::get_AcctName()
FNDA:2,System.String Its.Onix.Erp.Models.BankAccount::get_AcctName()
DA:16,2
FN:16,System.String Its.Onix.Erp.Models.BankAccount::get_BranchName()
FNDA:2,System.String Its.Onix.Erp.Models.BankAccount::get_BranchName()
DA:17,2
FN:18,Its.Onix.Erp.Models.Master Its.Onix.Erp.Models.BankAccount::get_Bank()
FNDA:2,Its.Onix.Erp.Models.Master Its.Onix.Erp.Models.BankAccount::get_Bank()
DA:19,2
LF:5
LH:5
BRF:0
BRH:0
FNF:5
FNH:5
end_of_record
SF:D:\dev\projects\its_workspace\OnixBusinessERP\OnixBusinessErp\Its\Onix\Erp\Models\Generals\Customer.cs
FN:10,System.Int32 Its.Onix.Erp.Models.Customer::get_CustomerId()
FNDA:2,System.Int32 Its.Onix.Erp.Models.Customer::get_CustomerId()
DA:11,2
FN:13,System.String Its.Onix.Erp.Models.Customer::get_Code()
FNDA:2,System.String Its.Onix.Erp.Models.Customer::get_Code()
DA:14,2
FN:16,System.String Its.Onix.Erp.Models.Customer::get_Name()
FNDA:2,System.String Its.Onix.Erp.Models.Customer::get_Name()
DA:17,2
FN:17,System.String Its.Onix.Erp.Models.Customer::get_LastName()
FNDA:2,System.String Its.Onix.Erp.Models.Customer::get_LastName()
DA:18,2
FN:20,System.String Its.Onix.Erp.Models.Customer::get_TaxNo()
FNDA:2,System.String Its.Onix.Erp.Models.Customer::get_TaxNo()
DA:21,2
FN:22,Its.Onix.Erp.Models.Master Its.Onix.Erp.Models.Customer::get_CustomerType()
FNDA:2,Its.Onix.Erp.Models.Master Its.Onix.Erp.Models.Customer::get_CustomerType()
DA:23,2
FN:23,Its.Onix.Erp.Models.Master Its.Onix.Erp.Models.Customer::get_CustomerGroup()
FNDA:2,Its.Onix.Erp.Models.Master Its.Onix.Erp.Models.Customer::get_CustomerGroup()
DA:24,2
FN:24,Its.Onix.Erp.Models.Master Its.Onix.Erp.Models.Customer::get_NamePrefix()
FNDA:2,Its.Onix.Erp.Models.Master Its.Onix.Erp.Models.Customer::get_NamePrefix()
DA:25,2
FN:25,Its.Onix.Erp.Models.Master Its.Onix.Erp.Models.Customer::get_CreditTerm()
FNDA:2,Its.Onix.Erp.Models.Master Its.Onix.Erp.Models.Customer::get_CreditTerm()
DA:26,2
FN:27,System.Collections.Generic.List`1<Its.Onix.Erp.Models.Address> Its.Onix.Erp.Models.Customer::get_Addresses()
FNDA:2,System.Collections.Generic.List`1<Its.Onix.Erp.Models.Address> Its.Onix.Erp.Models.Customer::get_Addresses()
DA:28,2
FN:28,System.Collections.Generic.List`1<Its.Onix.Erp.Models.BankAccount> Its.Onix.Erp.Models.Customer::get_Accounts()
FNDA:2,System.Collections.Generic.List`1<Its.Onix.Erp.Models.BankAccount> Its.Onix.Erp.Models.Customer::get_Accounts()
DA:29,2
LF:11
LH:11
BRF:0
BRH:0
FNF:11
FNH:11
end_of_record
SF:D:\dev\projects\its_workspace\OnixBusinessERP\OnixBusinessErp\Its\Onix\Erp\Models\Generals\Master.cs
FN:9,System.Int32 Its.Onix.Erp.Models.Master::get_MasterId()
FNDA:475,System.Int32 Its.Onix.Erp.Models.Master::get_MasterId()
DA:10,475
FN:12,System.String Its.Onix.Erp.Models.Master::get_Code()
FNDA:164,System.String Its.Onix.Erp.Models.Master::get_Code()
DA:13,164
FN:15,System.String Its.Onix.Erp.Models.Master::get_Name()
FNDA:143,System.String Its.Onix.Erp.Models.Master::get_Name()
DA:16,143
FN:17,System.String Its.Onix.Erp.Models.Master::get_LongDescription()
FNDA:143,System.String Its.Onix.Erp.Models.Master::get_LongDescription()
DA:18,143
FN:18,System.String Its.Onix.Erp.Models.Master::get_ShortDescription()
FNDA:143,System.String Its.Onix.Erp.Models.Master::get_ShortDescription()
DA:19,143
FN:21,System.Int32 Its.Onix.Erp.Models.Master::get_Type()
FNDA:127,System.Int32 Its.Onix.Erp.Models.Master::get_Type()
DA:22,127
LF:6
LH:6
BRF:0
BRH:0
FNF:6
FNH:6
end_of_record
SF:D:\dev\projects\its_workspace\OnixBusinessERP\OnixBusinessErp\Its\Onix\Erp\Models\Legacies\MBarcode.cs
FN:8,System.String Its.Onix.Erp.Models.MBarcode::get_Barcode()
FNDA:8,System.String Its.Onix.Erp.Models.MBarcode::get_Barcode()
DA:9,8
FN:10,System.String Its.Onix.Erp.Models.MBarcode::get_Product()
FNDA:14,System.String Its.Onix.Erp.Models.MBarcode::get_Product()
DA:11,14
FN:11,System.String Its.Onix.Erp.Models.MBarcode::get_CompanyWebSite()
FNDA:8,System.String Its.Onix.Erp.Models.MBarcode::get_CompanyWebSite()
DA:12,8
FN:13,System.Boolean Its.Onix.Erp.Models.MBarcode::get_IsActivated()
FNDA:15,System.Boolean Its.Onix.Erp.Models.MBarcode::get_IsActivated()
DA:14,15
FN:16,System.String Its.Onix.Erp.Models.MBarcode::get_BatchNo()
FNDA:8,System.String Its.Onix.Erp.Models.MBarcode::get_BatchNo()
DA:17,8
FN:18,System.String Its.Onix.Erp.Models.MBarcode::get_SerialNumber()
FNDA:20,System.String Its.Onix.Erp.Models.MBarcode::get_SerialNumber()
DA:19,20
FN:19,System.String Its.Onix.Erp.Models.MBarcode::get_Pin()
FNDA:18,System.String Its.Onix.Erp.Models.MBarcode::get_Pin()
DA:20,18
FN:20,System.String Its.Onix.Erp.Models.MBarcode::get_Url()
FNDA:13,System.String Its.Onix.Erp.Models.MBarcode::get_Url()
DA:21,13
FN:21,System.String Its.Onix.Erp.Models.MBarcode::get_PayloadUrl()
FNDA:11,System.String Its.Onix.Erp.Models.MBarcode::get_PayloadUrl()
DA:22,11
FN:24,System.String Its.Onix.Erp.Models.MBarcode::get_Path()
FNDA:13,System.String Its.Onix.Erp.Models.MBarcode::get_Path()
DA:25,13
FN:27,System.DateTime Its.Onix.Erp.Models.MBarcode::get_GeneratedDate()
FNDA:5,System.DateTime Its.Onix.Erp.Models.MBarcode::get_GeneratedDate()
DA:28,5
FN:30,System.DateTime Its.Onix.Erp.Models.MBarcode::get_ActivatedDate()
FNDA:5,System.DateTime Its.Onix.Erp.Models.MBarcode::get_ActivatedDate()
DA:31,5
LF:12
LH:12
BRF:0
BRH:0
FNF:12
FNH:12
end_of_record
SF:D:\dev\projects\its_workspace\OnixBusinessERP\OnixBusinessErp\Its\Onix\Erp\Models\Legacies\MContactUs.cs
FN:7,System.String Its.Onix.Erp.Models.MContactUs::get_Name()
FNDA:2,System.String Its.Onix.Erp.Models.MContactUs::get_Name()
DA:8,2
FN:8,System.String Its.Onix.Erp.Models.MContactUs::get_Subject()
FNDA:2,System.String Its.Onix.Erp.Models.MContactUs::get_Subject()
DA:9,2
FN:9,System.String Its.Onix.Erp.Models.MContactUs::get_Email()
FNDA:2,System.String Its.Onix.Erp.Models.MContactUs::get_Email()
DA:10,2
FN:10,System.String Its.Onix.Erp.Models.MContactUs::get_Message()
FNDA:2,System.String Its.Onix.Erp.Models.MContactUs::get_Message()
DA:11,2
FN:11,System.String Its.Onix.Erp.Models.MContactUs::get_IP()
FNDA:2,System.String Its.Onix.Erp.Models.MContactUs::get_IP()
DA:12,2
LF:5
LH:5
BRF:0
BRH:0
FNF:5
FNH:5
end_of_record
SF:D:\dev\projects\its_workspace\OnixBusinessERP\OnixBusinessErp\Its\Onix\Erp\Models\Legacies\MContent.cs
FN:8,System.String Its.Onix.Erp.Models.MContent::get_Name()
FNDA:20,System.String Its.Onix.Erp.Models.MContent::get_Name()
DA:9,20
FN:9,System.String Its.Onix.Erp.Models.MContent::get_Type()
FNDA:18,System.String Its.Onix.Erp.Models.MContent::get_Type()
DA:10,18
FN:10,System.Collections.Generic.Dictionary`2<System.String,System.String> Its.Onix.Erp.Models.MContent::get_Values()
FNDA:27,System.Collections.Generic.Dictionary`2<System.String,System.String> Its.Onix.Erp.Models.MContent::get_Values()
DA:11,27
FN:17,System.Boolean Its.Onix.Erp.Models.MContent::IsKeyIdentifiable()
FNDA:2,System.Boolean Its.Onix.Erp.Models.MContent::IsKeyIdentifiable()
DA:18,2
DA:19,2
DA:20,2
DA:21,2
FN:12,System.Void Its.Onix.Erp.Models.MContent::.ctor()
FNDA:11,System.Void Its.Onix.Erp.Models.MContent::.ctor()
DA:13,11
DA:14,11
DA:15,11
DA:16,11
LF:11
LH:11
BRF:0
BRH:0
FNF:5
FNH:5
end_of_record
SF:D:\dev\projects\its_workspace\OnixBusinessERP\OnixBusinessErp\Its\Onix\Erp\Models\Legacies\MGenericDescription.cs
FN:8,System.String Its.Onix.Erp.Models.MGenericDescription::get_Language()
FNDA:2,System.String Its.Onix.Erp.Models.MGenericDescription::get_Language()
DA:9,2
FN:9,System.String Its.Onix.Erp.Models.MGenericDescription::get_Name()
FNDA:6,System.String Its.Onix.Erp.Models.MGenericDescription::get_Name()
DA:10,6
FN:10,System.String Its.Onix.Erp.Models.MGenericDescription::get_ShortDescription()
FNDA:2,System.String Its.Onix.Erp.Models.MGenericDescription::get_ShortDescription()
DA:11,2
FN:11,System.String Its.Onix.Erp.Models.MGenericDescription::get_LongDescription1()
FNDA:2,System.String Its.Onix.Erp.Models.MGenericDescription::get_LongDescription1()
DA:12,2
FN:12,System.String Its.Onix.Erp.Models.MGenericDescription::get_LongDescription2()
FNDA:2,System.String Its.Onix.Erp.Models.MGenericDescription::get_LongDescription2()
DA:13,2
FN:13,System.String Its.Onix.Erp.Models.MGenericDescription::get_Extra1()
FNDA:2,System.String Its.Onix.Erp.Models.MGenericDescription::get_Extra1()
DA:14,2
LF:6
LH:6
BRF:0
BRH:0
FNF:6
FNH:6
end_of_record
SF:D:\dev\projects\its_workspace\OnixBusinessERP\OnixBusinessErp\Its\Onix\Erp\Models\Legacies\MMetric.cs
FN:6,System.Int32 Its.Onix.Erp.Models.MMetric::get_Value()
FNDA:2,System.Int32 Its.Onix.Erp.Models.MMetric::get_Value()
DA:7,2
FN:9,System.Boolean Its.Onix.Erp.Models.MMetric::IsKeyIdentifiable()
FNDA:0,System.Boolean Its.Onix.Erp.Models.MMetric::IsKeyIdentifiable()
DA:10,0
DA:11,0
DA:12,0
DA:13,0
LF:5
LH:1
BRF:0
BRH:0
FNF:2
FNH:1
end_of_record
SF:D:\dev\projects\its_workspace\OnixBusinessERP\OnixBusinessErp\Its\Onix\Erp\Models\Legacies\MMetricWrapper.cs
FN:6,Its.Onix.Erp.Models.MMetric Its.Onix.Erp.Models.MMetricWrapper::get_Value()
FNDA:2,Its.Onix.Erp.Models.MMetric Its.Onix.Erp.Models.MMetricWrapper::get_Value()
DA:7,2
LF:1
LH:1
BRF:0
BRH:0
FNF:1
FNH:1
end_of_record
SF:D:\dev\projects\its_workspace\OnixBusinessERP\OnixBusinessErp\Its\Onix\Erp\Models\Legacies\MProduct.cs
FN:9,System.String Its.Onix.Erp.Models.MProduct::get_Code()
FNDA:51,System.String Its.Onix.Erp.Models.MProduct::get_Code()
DA:10,51
FN:10,System.Int32 Its.Onix.Erp.Models.MProduct::get_Rating()
FNDA:2,System.Int32 Its.Onix.Erp.Models.MProduct::get_Rating()
DA:11,2
FN:11,System.String Its.Onix.Erp.Models.MProduct::get_ProductType()
FNDA:6,System.String Its.Onix.Erp.Models.MProduct::get_ProductType()
DA:12,6
FN:12,System.Double Its.Onix.Erp.Models.MProduct::get_Price()
FNDA:2,System.Double Its.Onix.Erp.Models.MProduct::get_Price()
DA:13,2
FN:13,System.String Its.Onix.Erp.Models.MProduct::get_Unit()
FNDA:2,System.String Its.Onix.Erp.Models.MProduct::get_Unit()
DA:14,2
FN:14,System.String Its.Onix.Erp.Models.MProduct::get_Image1Url()
FNDA:5,System.String Its.Onix.Erp.Models.MProduct::get_Image1Url()
DA:15,5
FN:15,System.String Its.Onix.Erp.Models.MProduct::get_Image1LocalPath()
FNDA:8,System.String Its.Onix.Erp.Models.MProduct::get_Image1LocalPath()
DA:16,8
FN:16,System.String Its.Onix.Erp.Models.MProduct::get_Image1StoragePath()
FNDA:5,System.String Its.Onix.Erp.Models.MProduct::get_Image1StoragePath()
DA:17,5
FN:17,System.DateTime Its.Onix.Erp.Models.MProduct::get_LastUpdateDate()
FNDA:5,System.DateTime Its.Onix.Erp.Models.MProduct::get_LastUpdateDate()
DA:18,5
FN:19,System.Collections.Generic.List`1<Its.Onix.Erp.Models.MProductCompositionGroup> Its.Onix.Erp.Models.MProduct::get_CompositionGroups()
FNDA:20,System.Collections.Generic.List`1<Its.Onix.Erp.Models.MProductCompositionGroup> Its.Onix.Erp.Models.MProduct::get_CompositionGroups()
DA:20,20
FN:20,System.Collections.Generic.List`1<Its.Onix.Erp.Models.MProductPerformance> Its.Onix.Erp.Models.MProduct::get_Performances()
FNDA:20,System.Collections.Generic.List`1<Its.Onix.Erp.Models.MProductPerformance> Its.Onix.Erp.Models.MProduct::get_Performances()
DA:21,20
FN:22,System.Collections.Generic.Dictionary`2<System.String,Its.Onix.Erp.Models.MGenericDescription> Its.Onix.Erp.Models.MProduct::get_Descriptions()
FNDA:20,System.Collections.Generic.Dictionary`2<System.String,Its.Onix.Erp.Models.MGenericDescription> Its.Onix.Erp.Models.MProduct::get_Descriptions()
DA:23,20
FN:32,System.Boolean Its.Onix.Erp.Models.MProduct::IsKeyIdentifiable()
FNDA:13,System.Boolean Its.Onix.Erp.Models.MProduct::IsKeyIdentifiable()
DA:33,13
DA:34,13
DA:35,13
DA:36,13
FN:24,System.Void Its.Onix.Erp.Models.MProduct::.ctor()
FNDA:18,System.Void Its.Onix.Erp.Models.MProduct::.ctor()
DA:25,18
DA:26,18
DA:27,18
DA:28,18
DA:29,18
DA:30,18
LF:22
LH:22
BRF:0
BRH:0
FNF:14
FNH:14
end_of_record
SF:D:\dev\projects\its_workspace\OnixBusinessERP\OnixBusinessErp\Its\Onix\Erp\Models\Legacies\MProductComposition.cs
FN:9,System.String Its.Onix.Erp.Models.MProductComposition::get_Code()
FNDA:2,System.String Its.Onix.Erp.Models.MProductComposition::get_Code()
DA:10,2
FN:10,System.Double Its.Onix.Erp.Models.MProductComposition::get_Quantity()
FNDA:2,System.Double Its.Onix.Erp.Models.MProductComposition::get_Quantity()
DA:11,2
FN:11,System.String Its.Onix.Erp.Models.MProductComposition::get_Unit()
FNDA:2,System.String Its.Onix.Erp.Models.MProductComposition::get_Unit()
DA:12,2
FN:13,System.Collections.Generic.Dictionary`2<System.String,Its.Onix.Erp.Models.MGenericDescription> Its.Onix.Erp.Models.MProductComposition::get_Descriptions()
FNDA:3,System.Collections.Generic.Dictionary`2<System.String,Its.Onix.Erp.Models.MGenericDescription> Its.Onix.Erp.Models.MProductComposition::get_Descriptions()
DA:14,3
FN:15,System.Void Its.Onix.Erp.Models.MProductComposition::.ctor()
FNDA:1,System.Void Its.Onix.Erp.Models.MProductComposition::.ctor()
DA:16,1
DA:17,1
DA:18,1
DA:19,1
LF:8
LH:8
BRF:0
BRH:0
FNF:5
FNH:5
end_of_record
SF:D:\dev\projects\its_workspace\OnixBusinessERP\OnixBusinessErp\Its\Onix\Erp\Models\Legacies\MProductCompositionGroup.cs
FN:8,System.String Its.Onix.Erp.Models.MProductCompositionGroup::get_PerUnit()
FNDA:2,System.String Its.Onix.Erp.Models.MProductCompositionGroup::get_PerUnit()
DA:9,2
FN:10,System.Collections.Generic.List`1<Its.Onix.Erp.Models.MProductComposition> Its.Onix.Erp.Models.MProductCompositionGroup::get_Compositions()
FNDA:3,System.Collections.Generic.List`1<Its.Onix.Erp.Models.MProductComposition> Its.Onix.Erp.Models.MProductCompositionGroup::get_Compositions()
DA:11,3
FN:12,System.Void Its.Onix.Erp.Models.MProductCompositionGroup::.ctor()
FNDA:1,System.Void Its.Onix.Erp.Models.MProductCompositionGroup::.ctor()
DA:13,1
DA:14,1
DA:15,1
DA:16,1
LF:6
LH:6
BRF:0
BRH:0
FNF:3
FNH:3
end_of_record
SF:D:\dev\projects\its_workspace\OnixBusinessERP\OnixBusinessErp\Its\Onix\Erp\Models\Legacies\MProductPerformance.cs
FN:8,System.String Its.Onix.Erp.Models.MProductPerformance::get_Code()
FNDA:2,System.String Its.Onix.Erp.Models.MProductPerformance::get_Code()
DA:9,2
FN:9,System.Double Its.Onix.Erp.Models.MProductPerformance::get_Quantity()
FNDA:2,System.Double Its.Onix.Erp.Models.MProductPerformance::get_Quantity()
DA:10,2
FN:10,System.String Its.Onix.Erp.Models.MProductPerformance::get_Unit()
FNDA:2,System.String Its.Onix.Erp.Models.MProductPerformance::get_Unit()
DA:11,2
FN:12,System.Collections.Generic.Dictionary`2<System.String,Its.Onix.Erp.Models.MGenericDescription> Its.Onix.Erp.Models.MProductPerformance::get_Descriptions()
FNDA:3,System.Collections.Generic.Dictionary`2<System.String,Its.Onix.Erp.Models.MGenericDescription> Its.Onix.Erp.Models.MProductPerformance::get_Descriptions()
DA:13,3
FN:14,System.Void Its.Onix.Erp.Models.MProductPerformance::.ctor()
FNDA:1,System.Void Its.Onix.Erp.Models.MProductPerformance::.ctor()
DA:15,1
DA:16,1
DA:17,1
DA:18,1
LF:8
LH:8
BRF:0
BRH:0
FNF:5
FNH:5
end_of_record
SF:D:\dev\projects\its_workspace\OnixBusinessERP\OnixBusinessErp\Its\Onix\Erp\Models\Legacies\MProductType.cs
FN:9,System.String Its.Onix.Erp.Models.MProductType::get_Code()
FNDA:43,System.String Its.Onix.Erp.Models.MProductType::get_Code()
DA:10,43
FN:11,System.Collections.Generic.Dictionary`2<System.String,Its.Onix.Erp.Models.MGenericDescription> Its.Onix.Erp.Models.MProductType::get_Descriptions()
FNDA:24,System.Collections.Generic.Dictionary`2<System.String,Its.Onix.Erp.Models.MGenericDescription> Its.Onix.Erp.Models.MProductType::get_Descriptions()
DA:12,24
FN:19,System.Boolean Its.Onix.Erp.Models.MProductType::IsKeyIdentifiable()
FNDA:11,System.Boolean Its.Onix.Erp.Models.MProductType::IsKeyIdentifiable()
DA:20,11
DA:21,11
DA:22,11
DA:23,11
FN:13,System.Void Its.Onix.Erp.Models.MProductType::.ctor()
FNDA:16,System.Void Its.Onix.Erp.Models.MProductType::.ctor()
DA:14,16
DA:15,16
DA:16,16
DA:17,16
LF:10
LH:10
BRF:0
BRH:0
FNF:4
FNH:4
end_of_record
SF:D:\dev\projects\its_workspace\OnixBusinessERP\OnixBusinessErp\Its\Onix\Erp\Models\Legacies\MProfile.cs
FN:8,System.String Its.Onix.Erp.Models.MProfile::get_Message1()
FNDA:2,System.String Its.Onix.Erp.Models.MProfile::get_Message1()
DA:9,2
FN:9,System.String Its.Onix.Erp.Models.MProfile::get_Message2()
FNDA:2,System.String Its.Onix.Erp.Models.MProfile::get_Message2()
DA:10,2
FN:10,System.String Its.Onix.Erp.Models.MProfile::get_CompanyWebSite()
FNDA:2,System.String Its.Onix.Erp.Models.MProfile::get_CompanyWebSite()
DA:11,2
LF:3
LH:3
BRF:0
BRH:0
FNF:3
FNH:3
end_of_record
SF:D:\dev\projects\its_workspace\OnixBusinessERP\OnixBusinessErp\Its\Onix\Erp\Models\Legacies\MRegistration.cs
FN:8,System.String Its.Onix.Erp.Models.MRegistration::get_SerialNumber()
FNDA:89,System.String Its.Onix.Erp.Models.MRegistration::get_SerialNumber()
DA:9,89
FN:9,System.String Its.Onix.Erp.Models.MRegistration::get_Pin()
FNDA:79,System.String Its.Onix.Erp.Models.MRegistration::get_Pin()
DA:10,79
FN:10,System.DateTime Its.Onix.Erp.Models.MRegistration::get_RegistrationDate()
FNDA:6,System.DateTime Its.Onix.Erp.Models.MRegistration::get_RegistrationDate()
DA:11,6
FN:11,System.String Its.Onix.Erp.Models.MRegistration::get_Status()
FNDA:34,System.String Its.Onix.Erp.Models.MRegistration::get_Status()
DA:12,34
FN:12,System.String Its.Onix.Erp.Models.MRegistration::get_IP()
FNDA:32,System.String Its.Onix.Erp.Models.MRegistration::get_IP()
DA:13,32
LF:5
LH:5
BRF:0
BRH:0
FNF:5
FNH:5
end_of_record
SF:D:\dev\projects\its_workspace\OnixBusinessERP\OnixBusinessErp\Its\Onix\Erp\Models\Commons\ModelCommonFields.cs
FN:7,System.String Its.Onix.Erp.Models.Commons.ModelCommonFields::get_Tag()
FNDA:149,System.String Its.Onix.Erp.Models.Commons.ModelCommonFields::get_Tag()
DA:8,149
FN:8,System.Int32 Its.Onix.Erp.Models.Commons.ModelCommonFields::get_OperatorId()
FNDA:133,System.Int32 Its.Onix.Erp.Models.Commons.ModelCommonFields::get_OperatorId()
DA:9,133
LF:2
LH:2
BRF:0
BRH:0
FNF:2
FNH:2
end_of_record
SF:D:\dev\projects\its_workspace\OnixBusinessERP\OnixBusinessErp\Its\Onix\Erp\Databases\OnixErpDbContext.cs
FN:15,System.Void Its.Onix.Erp.Databases.OnixErpDbContext::SetConstraintMaster(Microsoft.EntityFrameworkCore.ModelBuilder)
FNDA:1,System.Void Its.Onix.Erp.Databases.OnixErpDbContext::SetConstraintMaster(Microsoft.EntityFrameworkCore.ModelBuilder)
DA:16,1
DA:17,1
DA:18,1
DA:19,1
DA:20,1
FN:22,System.Void Its.Onix.Erp.Databases.OnixErpDbContext::OnModelCreating(Microsoft.EntityFrameworkCore.ModelBuilder)
FNDA:1,System.Void Its.Onix.Erp.Databases.OnixErpDbContext::OnModelCreating(Microsoft.EntityFrameworkCore.ModelBuilder)
DA:23,1
DA:24,1
DA:25,1
FN:26,Microsoft.EntityFrameworkCore.DbSet`1<Its.Onix.Erp.Models.Master> Its.Onix.Erp.Databases.OnixErpDbContext::get_Masters()
FNDA:52,Microsoft.EntityFrameworkCore.DbSet`1<Its.Onix.Erp.Models.Master> Its.Onix.Erp.Databases.OnixErpDbContext::get_Masters()
DA:27,52
FN:27,Microsoft.EntityFrameworkCore.DbSet`1<Its.Onix.Erp.Models.Customer> Its.Onix.Erp.Databases.OnixErpDbContext::get_Customers()
FNDA:20,Microsoft.EntityFrameworkCore.DbSet`1<Its.Onix.Erp.Models.Customer> Its.Onix.Erp.Databases.OnixErpDbContext::get_Customers()
DA:28,20
FN:28,Microsoft.EntityFrameworkCore.DbSet`1<Its.Onix.Erp.Models.Address> Its.Onix.Erp.Databases.OnixErpDbContext::get_Addresses()
FNDA:20,Microsoft.EntityFrameworkCore.DbSet`1<Its.Onix.Erp.Models.Address> Its.Onix.Erp.Databases.OnixErpDbContext::get_Addresses()
DA:29,20
FN:29,Microsoft.EntityFrameworkCore.DbSet`1<Its.Onix.Erp.Models.BankAccount> Its.Onix.Erp.Databases.OnixErpDbContext::get_BankAccounts()
FNDA:20,Microsoft.EntityFrameworkCore.DbSet`1<Its.Onix.Erp.Models.BankAccount> Its.Onix.Erp.Databases.OnixErpDbContext::get_BankAccounts()
DA:30,20
FN:10,System.Void Its.Onix.Erp.Databases.OnixErpDbContext::.ctor(Its.Onix.Core.Databases.DbCredential)
FNDA:20,System.Void Its.Onix.Erp.Databases.OnixErpDbContext::.ctor(Its.Onix.Core.Databases.DbCredential)
DA:11,20
DA:12,20
DA:13,20
LF:15
LH:15
BRF:0
BRH:0
FNF:7
FNH:7
end_of_record
SF:D:\dev\projects\its_workspace\OnixBusinessERP\OnixBusinessErp\Its\Onix\Erp\Caches\CacheMetrics.cs
FN:20,System.Collections.Generic.Dictionary`2<System.String,Its.Onix.Core.Commons.Model.BaseModel> Its.Onix.Erp.Caches.CacheMetrics::LoadContents()
FNDA:0,System.Collections.Generic.Dictionary`2<System.String,Its.Onix.Core.Commons.Model.BaseModel> Its.Onix.Erp.Caches.CacheMetrics::LoadContents()
DA:21,0
DA:22,0
DA:23,0
DA:25,0
DA:26,0
DA:27,0
DA:28,0
DA:29,0
DA:31,0
DA:32,0
BRDA:25,70,1,0
BRDA:25,70,0,0
FN:34,System.Void Its.Onix.Erp.Caches.CacheMetrics::SetOperation(Its.Onix.Core.Business.IBusinessOperationQuery`1<Its.Onix.Erp.Models.MMetricWrapper>)
FNDA:0,System.Void Its.Onix.Erp.Caches.CacheMetrics::SetOperation(Its.Onix.Core.Business.IBusinessOperationQuery`1<Its.Onix.Erp.Models.MMetricWrapper>)
DA:35,0
DA:36,0
DA:37,0
FN:14,System.Void Its.Onix.Erp.Caches.CacheMetrics::.ctor()
FNDA:0,System.Void Its.Onix.Erp.Caches.CacheMetrics::.ctor()
DA:15,0
DA:16,0
DA:17,0
DA:18,0
LF:17
LH:0
BRF:2
BRH:0
FNF:3
FNH:0
end_of_record
SF:D:\dev\projects\its_workspace\OnixBusinessERP\OnixBusinessErp\Its\Onix\Erp\Caches\CachePageContents.cs
FN:21,System.Collections.Generic.Dictionary`2<System.String,Its.Onix.Core.Commons.Model.BaseModel> Its.Onix.Erp.Caches.CachePageContents::LoadContents()
FNDA:3,System.Collections.Generic.Dictionary`2<System.String,Its.Onix.Core.Commons.Model.BaseModel> Its.Onix.Erp.Caches.CachePageContents::LoadContents()
DA:22,3
DA:23,3
DA:24,3
DA:26,21
DA:27,6
DA:28,6
DA:29,6
DA:31,3
DA:32,3
BRDA:26,76,1,6
BRDA:26,76,0,3
FN:34,System.Void Its.Onix.Erp.Caches.CachePageContents::SetOperation(Its.Onix.Core.Business.IBusinessOperationQuery`1<Its.Onix.Erp.Models.MContent>)
FNDA:4,System.Void Its.Onix.Erp.Caches.CachePageContents::SetOperation(Its.Onix.Core.Business.IBusinessOperationQuery`1<Its.Onix.Erp.Models.MContent>)
DA:35,4
DA:36,4
DA:37,4
FN:15,System.Void Its.Onix.Erp.Caches.CachePageContents::.ctor()
FNDA:8,System.Void Its.Onix.Erp.Caches.CachePageContents::.ctor()
DA:16,8
DA:17,8
DA:18,8
DA:19,8
LF:16
LH:16
BRF:2
BRH:2
FNF:3
FNH:3
end_of_record
SF:D:\dev\projects\its_workspace\OnixBusinessERP\OnixBusinessErp\Its\Onix\Erp\Caches\CacheProductList.cs
FN:20,System.Collections.Generic.Dictionary`2<System.String,Its.Onix.Core.Commons.Model.BaseModel> Its.Onix.Erp.Caches.CacheProductList::LoadContents()
FNDA:1,System.Collections.Generic.Dictionary`2<System.String,Its.Onix.Core.Commons.Model.BaseModel> Its.Onix.Erp.Caches.CacheProductList::LoadContents()
DA:21,1
DA:22,1
DA:23,1
DA:25,7
DA:26,2
DA:27,2
DA:28,2
DA:30,1
DA:31,1
BRDA:25,60,1,2
BRDA:25,60,0,1
FN:33,System.Void Its.Onix.Erp.Caches.CacheProductList::SetOperation(Its.Onix.Core.Business.IBusinessOperationQuery`1<Its.Onix.Erp.Models.MProduct>)
FNDA:1,System.Void Its.Onix.Erp.Caches.CacheProductList::SetOperation(Its.Onix.Core.Business.IBusinessOperationQuery`1<Its.Onix.Erp.Models.MProduct>)
DA:34,1
DA:35,1
DA:36,1
FN:14,System.Void Its.Onix.Erp.Caches.CacheProductList::.ctor()
FNDA:2,System.Void Its.Onix.Erp.Caches.CacheProductList::.ctor()
DA:15,2
DA:16,2
DA:17,2
DA:18,2
LF:16
LH:16
BRF:2
BRH:2
FNF:3
FNH:3
end_of_record
SF:D:\dev\projects\its_workspace\OnixBusinessERP\OnixBusinessErp\Its\Onix\Erp\Caches\CacheProductTypeList.cs
FN:19,System.Collections.Generic.Dictionary`2<System.String,Its.Onix.Core.Commons.Model.BaseModel> Its.Onix.Erp.Caches.CacheProductTypeList::LoadContents()
FNDA:1,System.Collections.Generic.Dictionary`2<System.String,Its.Onix.Core.Commons.Model.BaseModel> Its.Onix.Erp.Caches.CacheProductTypeList::LoadContents()
DA:20,1
DA:21,1
DA:22,1
DA:24,7
DA:25,2
DA:26,2
DA:27,2
DA:29,1
DA:30,1
BRDA:24,60,1,2
BRDA:24,60,0,1
FN:32,System.Void Its.Onix.Erp.Caches.CacheProductTypeList::SetOperation(Its.Onix.Core.Business.IBusinessOperationQuery`1<Its.Onix.Erp.Models.MProductType>)
FNDA:1,System.Void Its.Onix.Erp.Caches.CacheProductTypeList::SetOperation(Its.Onix.Core.Business.IBusinessOperationQuery`1<Its.Onix.Erp.Models.MProductType>)
DA:33,1
DA:34,1
DA:35,1
FN:13,System.Void Its.Onix.Erp.Caches.CacheProductTypeList::.ctor()
FNDA:2,System.Void Its.Onix.Erp.Caches.CacheProductTypeList::.ctor()
DA:14,2
DA:15,2
DA:16,2
DA:17,2
LF:16
LH:16
BRF:2
BRH:2
FNF:3
FNH:3
end_of_record
SF:D:\dev\projects\its_workspace\OnixBusinessERP\OnixBusinessErp\Its\Onix\Erp\Matrices\IncreaseAndRetrieve.cs
FN:10,System.Int32 Its.Onix.Erp.Businesses.Matrices.IncreaseAndRetrieve::Apply(Its.Onix.Erp.Models.MMetric)
FNDA:0,System.Int32 Its.Onix.Erp.Businesses.Matrices.IncreaseAndRetrieve::Apply(Its.Onix.Erp.Models.MMetric)
DA:11,0
DA:12,0
DA:13,0
DA:15,0
DA:16,0
DA:17,0
DA:18,0
DA:19,0
DA:20,0
DA:22,0
DA:23,0
DA:24,0
DA:25,0
DA:26,0
DA:27,0
DA:28,0
BRDA:17,43,0,0
BRDA:17,43,1,0
LF:16
LH:0
BRF:2
BRH:0
FNF:1
FNH:0
end_of_record
SF:D:\dev\projects\its_workspace\OnixBusinessERP\OnixBusinessErp\Its\Onix\Erp\Matrices\Retrieve.cs
FN:12,System.Collections.Generic.IEnumerable`1<Its.Onix.Erp.Models.MMetricWrapper> Its.Onix.Erp.Businesses.Matrices.Retrieve::Apply(Its.Onix.Erp.Models.MMetricWrapper,Its.Onix.Core.Commons.Table.CTable)
FNDA:0,System.Collections.Generic.IEnumerable`1<Its.Onix.Erp.Models.MMetricWrapper> Its.Onix.Erp.Businesses.Matrices.Retrieve::Apply(Its.Onix.Erp.Models.MMetricWrapper,Its.Onix.Core.Commons.Table.CTable)
DA:13,0
DA:14,0
DA:15,0
DA:16,0
DA:17,0
LF:5
LH:0
BRF:0
BRH:0
FNF:1
FNH:0
end_of_record
SF:D:\dev\projects\its_workspace\OnixBusinessERP\OnixBusinessErp\Its\Onix\Erp\Businesses\Masters\DeleteMaster.cs
FN:12,Its.Onix.Core.Commons.Model.BaseModel Its.Onix.Erp.Businesses.Masters.DeleteMaster::Execute(Its.Onix.Core.Commons.Model.BaseModel)
FNDA:9,Its.Onix.Core.Commons.Model.BaseModel Its.Onix.Erp.Businesses.Masters.DeleteMaster::Execute(Its.Onix.Core.Commons.Model.BaseModel)
DA:13,9
DA:14,9
DA:16,9
DA:17,9
DA:18,9
DA:20,8
DA:21,8
LF:7
LH:7
BRF:0
BRH:0
FNF:1
FNH:1
end_of_record
SF:D:\dev\projects\its_workspace\OnixBusinessERP\OnixBusinessErp\Its\Onix\Erp\Businesses\Masters\IsMasterExist.cs
FN:13,System.Int32 Its.Onix.Erp.Businesses.Masters.IsMasterExist::GetId(Its.Onix.Core.Commons.Model.BaseModel)
FNDA:6,System.Int32 Its.Onix.Erp.Businesses.Masters.IsMasterExist::GetId(Its.Onix.Core.Commons.Model.BaseModel)
DA:14,6
DA:15,6
DA:16,6
DA:18,6
DA:19,6
FN:21,Its.Onix.Core.Commons.Model.BaseModel Its.Onix.Erp.Businesses.Masters.IsMasterExist::GetObject(Its.Onix.Core.Commons.Model.BaseModel)
FNDA:6,Its.Onix.Core.Commons.Model.BaseModel Its.Onix.Erp.Businesses.Masters.IsMasterExist::GetObject(Its.Onix.Core.Commons.Model.BaseModel)
DA:22,6
DA:23,6
DA:25,6
DA:26,6
DA:28,6
DA:29,6
DA:30,6
DA:32,6
DA:33,6
LF:14
LH:14
BRF:0
BRH:0
FNF:2
FNH:2
end_of_record
SF:D:\dev\projects\its_workspace\OnixBusinessERP\OnixBusinessErp\Its\Onix\Erp\Businesses\Masters\SaveMaster.cs
FN:12,Its.Onix.Core.Commons.Model.BaseModel Its.Onix.Erp.Businesses.Masters.SaveMaster::Execute(Its.Onix.Core.Commons.Model.BaseModel)
FNDA:17,Its.Onix.Core.Commons.Model.BaseModel Its.Onix.Erp.Businesses.Masters.SaveMaster::Execute(Its.Onix.Core.Commons.Model.BaseModel)
DA:13,17
DA:14,17
DA:16,17
DA:18,17
DA:19,16
DA:20,16
DA:21,16
DA:23,1
DA:24,1
DA:25,1
DA:27,17
DA:28,15
DA:30,15
BRDA:18,34,0,16
BRDA:18,34,1,1
LF:13
LH:13
BRF:2
BRH:2
FNF:1
FNH:1
end_of_record
SF:D:\dev\projects\its_workspace\OnixBusinessERP\OnixBusinessErp\Its\Onix\Erp\Businesses\Commons\IsExistOperation.cs
FN:17,System.Boolean Its.Onix.Erp.Businesses.Commons.IsExistOperation::Apply(Its.Onix.Core.Commons.Model.BaseModel)
FNDA:6,System.Boolean Its.Onix.Erp.Businesses.Commons.IsExistOperation::Apply(Its.Onix.Core.Commons.Model.BaseModel)
DA:18,6
DA:19,6
DA:21,6
DA:23,6
DA:24,2
DA:26,2
DA:29,4
DA:30,4
DA:31,2
DA:33,2
DA:36,2
DA:37,2
DA:38,1
DA:40,1
DA:43,1
DA:44,6
BRDA:23,27,0,2
BRDA:23,27,1,4
BRDA:30,54,0,2
BRDA:30,54,1,2
BRDA:37,78,0,1
BRDA:37,78,1,1
FN:11,System.Void Its.Onix.Erp.Businesses.Commons.IsExistOperation::.ctor()
FNDA:6,System.Void Its.Onix.Erp.Businesses.Commons.IsExistOperation::.ctor()
DA:12,6
LF:17
LH:17
BRF:6
BRH:6
FNF:2
FNH:2
end_of_record
SF:D:\dev\projects\its_workspace\OnixBusinessERP\OnixBusinessErp\Its\Onix\Erp\Businesses\Commons\ManipulationOperation.cs
FN:14,Its.Onix.Core.Commons.Model.BaseModel Its.Onix.Erp.Businesses.Commons.ManipulationOperation::Execute(Its.Onix.Core.Commons.Model.BaseModel)
FNDA:1,Its.Onix.Core.Commons.Model.BaseModel Its.Onix.Erp.Businesses.Commons.ManipulationOperation::Execute(Its.Onix.Core.Commons.Model.BaseModel)
DA:15,1
DA:16,1
FN:19,System.Void Its.Onix.Erp.Businesses.Commons.ManipulationOperation::DetachAllEntities(Microsoft.EntityFrameworkCore.DbContext)
FNDA:27,System.Void Its.Onix.Erp.Businesses.Commons.ManipulationOperation::DetachAllEntities(Microsoft.EntityFrameworkCore.DbContext)
DA:20,27
DA:21,27
DA:22,49
DA:23,49
DA:24,49
DA:25,27
DA:27,87
DA:28,3
DA:29,3
DA:30,3
DA:31,27
BRDA:21,18,0,1
BRDA:21,18,1,27
BRDA:27,89,1,3
BRDA:27,89,0,27
FN:33,Its.Onix.Core.Commons.Model.BaseModel Its.Onix.Erp.Businesses.Commons.ManipulationOperation::Apply(Its.Onix.Core.Commons.Model.BaseModel)
FNDA:27,Its.Onix.Core.Commons.Model.BaseModel Its.Onix.Erp.Businesses.Commons.ManipulationOperation::Apply(Its.Onix.Core.Commons.Model.BaseModel)
DA:34,27
DA:35,27
DA:36,27
DA:39,27
DA:40,27
DA:41,23
DA:42,3
DA:43,3
DA:44,3
DA:46,1
DA:47,1
DA:48,1
DA:51,27
DA:52,27
DA:53,27
DA:55,23
DA:56,23
FN:11,System.Void Its.Onix.Erp.Businesses.Commons.ManipulationOperation::.ctor()
FNDA:22,System.Void Its.Onix.Erp.Businesses.Commons.ManipulationOperation::.ctor()
DA:12,22
LF:31
LH:31
BRF:8
BRH:8
FNF:4
FNH:4
end_of_record
SF:D:\dev\projects\its_workspace\OnixBusinessERP\OnixBusinessErp\Its\Onix\Erp\BusinessesNoSql\Registrations\CreateRegistration.cs
FN:9,System.Void Its.Onix.Erp.Businesses.Registrations.CreateRegistration::ValidateActivation(Its.Onix.Erp.Models.MRegistration,Its.Onix.Erp.Models.MBarcode,System.String)
FNDA:2,System.Void Its.Onix.Erp.Businesses.Registrations.CreateRegistration::ValidateActivation(Its.Onix.Erp.Models.MRegistration,Its.Onix.Erp.Models.MBarcode,System.String)
DA:10,2
DA:11,2
DA:12,1
DA:13,1
DA:16,1
DA:17,1
DA:19,1
DA:20,1
BRDA:11,12,0,1
BRDA:11,12,1,1
FN:22,System.Void Its.Onix.Erp.Businesses.Registrations.CreateRegistration::ValidateRegistration(Its.Onix.Erp.Models.MRegistration)
FNDA:15,System.Void Its.Onix.Erp.Businesses.Registrations.CreateRegistration::ValidateRegistration(Its.Onix.Erp.Models.MRegistration)
DA:23,15
DA:24,15
DA:25,15
DA:26,15
DA:27,7
DA:28,7
DA:30,8
BRDA:24,12,0,10
BRDA:24,25,0,9
BRDA:24,12,1,6
BRDA:24,25,1,6
BRDA:24,43,0,7
BRDA:24,43,1,8
FN:32,System.Void Its.Onix.Erp.Businesses.Registrations.CreateRegistration::PerformRegistrationAction(Its.Onix.Erp.Models.MRegistration,System.String)
FNDA:1,System.Void Its.Onix.Erp.Businesses.Registrations.CreateRegistration::PerformRegistrationAction(Its.Onix.Erp.Models.MRegistration,System.String)
DA:33,1
DA:34,1
DA:35,1
LF:18
LH:18
BRF:8
BRH:8
FNF:3
FNH:3
end_of_record
SF:D:\dev\projects\its_workspace\OnixBusinessERP\OnixBusinessErp\Its\Onix\Erp\BusinessesNoSql\Registrations\RegistrationOperationBase.cs
FN:18,System.String Its.Onix.Erp.Businesses.Registrations.RegistrationOperationBase::PostData(Its.Onix.Erp.Models.MRegistration,System.String,System.String,System.String)
FNDA:15,System.String Its.Onix.Erp.Businesses.Registrations.RegistrationOperationBase::PostData(Its.Onix.Erp.Models.MRegistration,System.String,System.String,System.String)
DA:19,15
DA:20,15
DA:21,15
DA:23,15
DA:24,15
DA:25,15
DA:27,15
DA:28,15
DA:30,15
DA:31,15
FN:33,System.Int32 Its.Onix.Erp.Businesses.Registrations.RegistrationOperationBase::Apply(Its.Onix.Erp.Models.MRegistration)
FNDA:27,System.Int32 Its.Onix.Erp.Businesses.Registrations.RegistrationOperationBase::Apply(Its.Onix.Erp.Models.MRegistration)
DA:34,27
DA:35,27
DA:37,15
DA:38,15
DA:39,15
DA:40,15
DA:42,15
DA:43,8
DA:44,8
DA:45,8
DA:46,8
DA:48,15
DA:49,11
DA:50,11
DA:51,11
DA:54,4
DA:55,4
DA:57,4
DA:61,2
DA:62,2
DA:63,2
DA:64,2
DA:66,2
DA:68,2
DA:69,2
BRDA:42,55,0,9
BRDA:42,55,1,6
BRDA:42,78,0,8
BRDA:42,78,1,15
BRDA:48,121,0,11
BRDA:48,121,1,4
FN:71,System.Boolean Its.Onix.Erp.Businesses.Registrations.RegistrationOperationBase::GetActivateFlag()
FNDA:1,System.Boolean Its.Onix.Erp.Businesses.Registrations.RegistrationOperationBase::GetActivateFlag()
DA:72,1
DA:73,1
DA:74,1
LF:38
LH:38
BRF:6
BRH:6
FNF:3
FNH:3
end_of_record
SF:D:\dev\projects\its_workspace\OnixBusinessERP\OnixBusinessErp\Its\Onix\Erp\BusinessesNoSql\Registrations\ResetRegistration.cs
FN:10,System.Void Its.Onix.Erp.Businesses.Registrations.ResetRegistration::ValidateActivation(Its.Onix.Erp.Models.MRegistration,Its.Onix.Erp.Models.MBarcode,System.String)
FNDA:2,System.Void Its.Onix.Erp.Businesses.Registrations.ResetRegistration::ValidateActivation(Its.Onix.Erp.Models.MRegistration,Its.Onix.Erp.Models.MBarcode,System.String)
DA:11,2
DA:12,2
DA:13,1
DA:14,1
DA:17,1
DA:19,1
DA:20,1
BRDA:12,9,0,1
BRDA:12,9,1,1
FN:22,System.Void Its.Onix.Erp.Businesses.Registrations.ResetRegistration::ValidateRegistration(Its.Onix.Erp.Models.MRegistration)
FNDA:12,System.Void Its.Onix.Erp.Businesses.Registrations.ResetRegistration::ValidateRegistration(Its.Onix.Erp.Models.MRegistration)
DA:23,12
DA:24,12
DA:25,12
DA:26,5
DA:27,5
DA:29,7
BRDA:24,12,0,9
BRDA:24,12,1,3
BRDA:24,30,0,5
BRDA:24,30,1,7
FN:31,System.Void Its.Onix.Erp.Businesses.Registrations.ResetRegistration::PerformRegistrationAction(Its.Onix.Erp.Models.MRegistration,System.String)
FNDA:1,System.Void Its.Onix.Erp.Businesses.Registrations.ResetRegistration::PerformRegistrationAction(Its.Onix.Erp.Models.MRegistration,System.String)
DA:32,1
DA:33,1
DA:34,1
FN:36,System.Boolean Its.Onix.Erp.Businesses.Registrations.ResetRegistration::GetActivateFlag()
FNDA:1,System.Boolean Its.Onix.Erp.Businesses.Registrations.ResetRegistration::GetActivateFlag()
DA:37,1
DA:38,1
DA:39,1
LF:19
LH:19
BRF:6
BRH:6
FNF:4
FNH:4
end_of_record
SF:D:\dev\projects\its_workspace\OnixBusinessERP\OnixBusinessErp\Its\Onix\Erp\BusinessesNoSql\ProductTypes\GetProductTypeInfo.cs
FN:9,Its.Onix.Erp.Models.MProductType Its.Onix.Erp.Businesses.ProductTypes.GetProductTypeInfo::Apply(Its.Onix.Erp.Models.MProductType)
FNDA:7,Its.Onix.Erp.Models.MProductType Its.Onix.Erp.Businesses.ProductTypes.GetProductTypeInfo::Apply(Its.Onix.Erp.Models.MProductType)
DA:10,7
DA:11,7
DA:12,1
DA:13,1
DA:16,6
DA:17,6
DA:19,6
DA:20,6
BRDA:11,12,0,1
BRDA:11,12,1,6
LF:8
LH:8
BRF:2
BRH:2
FNF:1
FNH:1
end_of_record
SF:D:\dev\projects\its_workspace\OnixBusinessERP\OnixBusinessErp\Its\Onix\Erp\BusinessesNoSql\ProductTypes\GetProductTypeList.cs
FN:12,System.Collections.Generic.IEnumerable`1<Its.Onix.Erp.Models.MProductType> Its.Onix.Erp.Businesses.ProductTypes.GetProductTypeList::Apply(Its.Onix.Erp.Models.MProductType,Its.Onix.Core.Commons.Table.CTable)
FNDA:1,System.Collections.Generic.IEnumerable`1<Its.Onix.Erp.Models.MProductType> Its.Onix.Erp.Businesses.ProductTypes.GetProductTypeList::Apply(Its.Onix.Erp.Models.MProductType,Its.Onix.Core.Commons.Table.CTable)
DA:13,1
DA:15,1
DA:16,1
DA:18,1
DA:19,1
LF:5
LH:5
BRF:0
BRH:0
FNF:1
FNH:1
end_of_record
SF:D:\dev\projects\its_workspace\OnixBusinessERP\OnixBusinessErp\Its\Onix\Erp\BusinessesNoSql\ProductTypes\SaveProductType.cs
FN:10,Its.Onix.Erp.Models.MProductType Its.Onix.Erp.Businesses.ProductTypes.SaveProductType::Apply(Its.Onix.Erp.Models.MProductType)
FNDA:4,Its.Onix.Erp.Models.MProductType Its.Onix.Erp.Businesses.ProductTypes.SaveProductType::Apply(Its.Onix.Erp.Models.MProductType)
DA:11,4
DA:12,4
DA:13,1
DA:14,1
DA:17,3
DA:18,3
DA:20,3
DA:22,3
DA:24,3
DA:25,1
DA:27,1
DA:29,1
DA:30,1
DA:32,2
DA:33,2
DA:34,2
DA:35,2
DA:38,3
DA:39,3
BRDA:12,12,0,1
BRDA:12,12,1,3
BRDA:24,63,0,1
BRDA:24,63,1,2
LF:19
LH:19
BRF:4
BRH:4
FNF:1
FNH:1
end_of_record
SF:D:\dev\projects\its_workspace\OnixBusinessERP\OnixBusinessErp\Its\Onix\Erp\BusinessesNoSql\Products\DeleteProduct.cs
FN:9,System.Int32 Its.Onix.Erp.Businesses.Products.DeleteProduct::Apply(Its.Onix.Erp.Models.MProduct)
FNDA:2,System.Int32 Its.Onix.Erp.Businesses.Products.DeleteProduct::Apply(Its.Onix.Erp.Models.MProduct)
DA:10,2
DA:11,2
DA:12,1
DA:13,1
DA:16,1
DA:17,1
DA:18,1
DA:20,1
DA:21,1
BRDA:11,12,0,1
BRDA:11,12,1,1
LF:9
LH:9
BRF:2
BRH:2
FNF:1
FNH:1
end_of_record
SF:D:\dev\projects\its_workspace\OnixBusinessERP\OnixBusinessErp\Its\Onix\Erp\BusinessesNoSql\Products\GetProductInfo.cs
FN:9,Its.Onix.Erp.Models.MProduct Its.Onix.Erp.Businesses.Products.GetProductInfo::Apply(Its.Onix.Erp.Models.MProduct)
FNDA:7,Its.Onix.Erp.Models.MProduct Its.Onix.Erp.Businesses.Products.GetProductInfo::Apply(Its.Onix.Erp.Models.MProduct)
DA:10,7
DA:11,7
DA:12,1
DA:13,1
DA:16,6
DA:17,6
DA:19,6
DA:20,6
BRDA:11,12,0,1
BRDA:11,12,1,6
LF:8
LH:8
BRF:2
BRH:2
FNF:1
FNH:1
end_of_record
SF:D:\dev\projects\its_workspace\OnixBusinessERP\OnixBusinessErp\Its\Onix\Erp\BusinessesNoSql\Products\GetProductList.cs
FN:12,System.Collections.Generic.IEnumerable`1<Its.Onix.Erp.Models.MProduct> Its.Onix.Erp.Businesses.Products.GetProductList::Apply(Its.Onix.Erp.Models.MProduct,Its.Onix.Core.Commons.Table.CTable)
FNDA:1,System.Collections.Generic.IEnumerable`1<Its.Onix.Erp.Models.MProduct> Its.Onix.Erp.Businesses.Products.GetProductList::Apply(Its.Onix.Erp.Models.MProduct,Its.Onix.Core.Commons.Table.CTable)
DA:13,1
DA:15,1
DA:16,1
DA:18,1
DA:19,1
LF:5
LH:5
BRF:0
BRH:0
FNF:1
FNH:1
end_of_record
SF:D:\dev\projects\its_workspace\OnixBusinessERP\OnixBusinessErp\Its\Onix\Erp\BusinessesNoSql\Products\SaveProduct.cs
FN:11,System.Void Its.Onix.Erp.Businesses.Products.SaveProduct::PopulateImageProperty(Its.Onix.Erp.Models.MProduct)
FNDA:3,System.Void Its.Onix.Erp.Businesses.Products.SaveProduct::PopulateImageProperty(Its.Onix.Erp.Models.MProduct)
DA:12,3
DA:14,3
DA:16,3
DA:17,3
DA:18,3
DA:20,3
DA:21,3
DA:22,3
FN:24,Its.Onix.Erp.Models.MProduct Its.Onix.Erp.Businesses.Products.SaveProduct::Apply(Its.Onix.Erp.Models.MProduct)
FNDA:4,Its.Onix.Erp.Models.MProduct Its.Onix.Erp.Businesses.Products.SaveProduct::Apply(Its.Onix.Erp.Models.MProduct)
DA:25,4
DA:26,4
DA:27,1
DA:28,1
DA:31,3
DA:32,3
DA:34,3
DA:36,3
DA:38,3
DA:39,3
DA:42,3
DA:43,1
DA:45,1
DA:47,1
DA:48,1
DA:50,2
DA:51,2
DA:52,2
DA:53,2
DA:56,3
DA:57,3
BRDA:26,12,0,1
BRDA:26,12,1,3
BRDA:42,83,0,1
BRDA:42,83,1,2
LF:29
LH:29
BRF:4
BRH:4
FNF:2
FNH:2
end_of_record
SF:D:\dev\projects\its_workspace\OnixBusinessERP\OnixBusinessErp\Its\Onix\Erp\BusinessesNoSql\Contents\GetContentList.cs
FN:12,System.Collections.Generic.IEnumerable`1<Its.Onix.Erp.Models.MContent> Its.Onix.Erp.Businesses.Contents.GetContentList::Apply(Its.Onix.Erp.Models.MContent,Its.Onix.Core.Commons.Table.CTable)
FNDA:1,System.Collections.Generic.IEnumerable`1<Its.Onix.Erp.Models.MContent> Its.Onix.Erp.Businesses.Contents.GetContentList::Apply(Its.Onix.Erp.Models.MContent,Its.Onix.Core.Commons.Table.CTable)
DA:13,1
DA:15,1
DA:16,1
DA:17,1
DA:19,1
DA:20,1
LF:6
LH:6
BRF:0
BRH:0
FNF:1
FNH:1
end_of_record
SF:D:\dev\projects\its_workspace\OnixBusinessERP\OnixBusinessErp\Its\Onix\Erp\BusinessesNoSql\Contents\SaveContent.cs
FN:10,System.Int32 Its.Onix.Erp.Businesses.Contents.SaveContent::Apply(Its.Onix.Erp.Models.MContent)
FNDA:2,System.Int32 Its.Onix.Erp.Businesses.Contents.SaveContent::Apply(Its.Onix.Erp.Models.MContent)
DA:11,2
DA:12,2
DA:13,1
DA:14,1
DA:17,1
DA:20,1
DA:22,1
DA:24,1
DA:25,1
BRDA:12,12,0,1
BRDA:12,12,1,1
LF:9
LH:9
BRF:2
BRH:2
FNF:1
FNH:1
end_of_record
SF:D:\dev\projects\its_workspace\OnixBusinessERP\OnixBusinessErp\Its\Onix\Erp\BusinessesNoSql\ContactUs\SaveContactUs.cs
FN:10,System.Int32 Its.Onix.Erp.Businesses.ContactUs.SaveContactUs::Apply(Its.Onix.Erp.Models.MContactUs)
FNDA:1,System.Int32 Its.Onix.Erp.Businesses.ContactUs.SaveContactUs::Apply(Its.Onix.Erp.Models.MContactUs)
DA:11,1
DA:12,1
DA:13,1
DA:15,1
DA:17,1
DA:18,1
DA:20,1
DA:21,1
LF:8
LH:8
BRF:0
BRH:0
FNF:1
FNH:1
end_of_record
SF:D:\dev\projects\its_workspace\OnixBusinessERP\OnixBusinessErp\Its\Onix\Erp\BusinessesNoSql\Barcodes\CreateBarcode.cs
FN:11,Its.Onix.Erp.Models.MBarcode Its.Onix.Erp.Businesses.Barcodes.CreateBarcode::Apply(Its.Onix.Erp.Models.MBarcode)
FNDA:3,Its.Onix.Erp.Models.MBarcode Its.Onix.Erp.Businesses.Barcodes.CreateBarcode::Apply(Its.Onix.Erp.Models.MBarcode)
DA:12,3
DA:13,3
DA:14,3
DA:15,3
DA:16,3
DA:17,3
DA:18,3
DA:19,3
DA:21,3
DA:22,3
DA:23,3
DA:25,3
DA:26,1
DA:27,1
DA:28,1
DA:29,1
DA:30,1
DA:32,2
DA:33,2
DA:34,2
DA:35,2
DA:36,2
DA:38,3
DA:40,3
DA:41,3
DA:43,3
DA:44,3
BRDA:25,127,0,1
BRDA:25,127,1,2
FN:46,System.Boolean Its.Onix.Erp.Businesses.Barcodes.CreateBarcode::IsMigration(Its.Onix.Erp.Models.MBarcode)
FNDA:3,System.Boolean Its.Onix.Erp.Businesses.Barcodes.CreateBarcode::IsMigration(Its.Onix.Erp.Models.MBarcode)
DA:47,3
DA:48,3
DA:49,3
DA:50,3
DA:51,1
DA:52,1
DA:54,2
DA:55,3
BRDA:48,12,0,1
BRDA:48,25,0,1
BRDA:48,12,1,2
BRDA:48,25,1,2
BRDA:48,46,0,1
BRDA:48,46,1,2
LF:35
LH:35
BRF:8
BRH:8
FNF:2
FNH:2
end_of_record